0 info it worked if it ends with ok
1 verbose cli [ '/usr/bin/nodejs', '/usr/bin/npm', 'install', '-g', 'pubstorm' ]
2 info using npm@1.3.10
3 info using node@v0.10.25
4 verbose cache add [ 'pubstorm', null ]
5 verbose cache add name=undefined spec="pubstorm" args=["pubstorm",null]
6 verbose parsed url { protocol: null,
6 verbose parsed url   slashes: null,
6 verbose parsed url   auth: null,
6 verbose parsed url   host: null,
6 verbose parsed url   port: null,
6 verbose parsed url   hostname: null,
6 verbose parsed url   hash: null,
6 verbose parsed url   search: null,
6 verbose parsed url   query: null,
6 verbose parsed url   pathname: 'pubstorm',
6 verbose parsed url   path: 'pubstorm',
6 verbose parsed url   href: 'pubstorm' }
7 silly lockFile 3a04a294-pubstorm pubstorm
8 verbose lock pubstorm /home/zed/.npm/3a04a294-pubstorm.lock
9 silly lockFile 3a04a294-pubstorm pubstorm
10 silly lockFile 3a04a294-pubstorm pubstorm
11 verbose addNamed [ 'pubstorm', '' ]
12 verbose addNamed [ null, '*' ]
13 silly lockFile 4adc1b04-pubstorm pubstorm@
14 verbose lock pubstorm@ /home/zed/.npm/4adc1b04-pubstorm.lock
15 silly addNameRange { name: 'pubstorm', range: '*', hasData: false }
16 verbose url raw pubstorm
17 verbose url resolving [ 'https://registry.npmjs.org/', './pubstorm' ]
18 verbose url resolved https://registry.npmjs.org/pubstorm
19 info trying registry request attempt 1 at 13:00:40
20 http GET https://registry.npmjs.org/pubstorm
21 http 200 https://registry.npmjs.org/pubstorm
22 silly registry.get cb [ 200,
22 silly registry.get   { server: 'CouchDB/1.5.0 (Erlang OTP/R16B03)',
22 silly registry.get     etag: '"CXSNW7DVCGUT2F8GWHLX5WPXF"',
22 silly registry.get     'content-type': 'application/json',
22 silly registry.get     'cache-control': 'max-age=300',
22 silly registry.get     'content-length': '19648',
22 silly registry.get     'accept-ranges': 'bytes',
22 silly registry.get     date: 'Thu, 28 Jul 2016 07:30:42 GMT',
22 silly registry.get     via: '1.1 varnish',
22 silly registry.get     age: '0',
22 silly registry.get     connection: 'keep-alive',
22 silly registry.get     'x-served-by': 'cache-sin6926-SIN',
22 silly registry.get     'x-cache': 'MISS',
22 silly registry.get     'x-cache-hits': '0',
22 silly registry.get     'x-timer': 'S1469691041.499722,VS0,VE1138',
22 silly registry.get     vary: 'Accept-Encoding' } ]
23 silly addNameRange number 2 { name: 'pubstorm', range: '*', hasData: true }
24 silly addNameRange versions [ 'pubstorm',
24 silly addNameRange   [ '0.0.3',
24 silly addNameRange     '0.0.4',
24 silly addNameRange     '0.0.4-1',
24 silly addNameRange     '0.0.5',
24 silly addNameRange     '0.0.6',
24 silly addNameRange     '0.0.7',
24 silly addNameRange     '0.0.8',
24 silly addNameRange     '0.0.9',
24 silly addNameRange     '0.1.0',
24 silly addNameRange     '0.1.1',
24 silly addNameRange     '0.1.2',
24 silly addNameRange     '0.1.3',
24 silly addNameRange     '0.1.4',
24 silly addNameRange     '0.2.0',
24 silly addNameRange     '0.3.0' ] ]
25 verbose addNamed [ 'pubstorm', '0.3.0' ]
26 verbose addNamed [ '0.3.0', '0.3.0' ]
27 silly lockFile e84449c7-pubstorm-0-3-0 pubstorm@0.3.0
28 verbose lock pubstorm@0.3.0 /home/zed/.npm/e84449c7-pubstorm-0-3-0.lock
29 silly lockFile 0cde011e--org-pubstorm-pubstorm-0-3-0-tgz https://registry.npmjs.org/pubstorm/-/pubstorm-0.3.0.tgz
30 verbose lock https://registry.npmjs.org/pubstorm/-/pubstorm-0.3.0.tgz /home/zed/.npm/0cde011e--org-pubstorm-pubstorm-0-3-0-tgz.lock
31 verbose addRemoteTarball [ 'https://registry.npmjs.org/pubstorm/-/pubstorm-0.3.0.tgz',
31 verbose addRemoteTarball   '4b076fd858c531146418b78c60d07e13f660d7a4' ]
32 silly lockFile 0cde011e--org-pubstorm-pubstorm-0-3-0-tgz https://registry.npmjs.org/pubstorm/-/pubstorm-0.3.0.tgz
33 silly lockFile 0cde011e--org-pubstorm-pubstorm-0-3-0-tgz https://registry.npmjs.org/pubstorm/-/pubstorm-0.3.0.tgz
34 silly lockFile e84449c7-pubstorm-0-3-0 pubstorm@0.3.0
35 silly lockFile e84449c7-pubstorm-0-3-0 pubstorm@0.3.0
36 silly lockFile 4adc1b04-pubstorm pubstorm@
37 silly lockFile 4adc1b04-pubstorm pubstorm@
38 error Error: EACCES, mkdir '/home/zed/tmp/npm-17663-vYlzk2Hh'
38 error  { [Error: EACCES, mkdir '/home/zed/tmp/npm-17663-vYlzk2Hh']
38 error   errno: 3,
38 error   code: 'EACCES',
38 error   path: '/home/zed/tmp/npm-17663-vYlzk2Hh' }
39 error Please try running this command again as root/Administrator.
40 error System Linux 3.13.0-32-generic
41 error command "/usr/bin/nodejs" "/usr/bin/npm" "install" "-g" "pubstorm"
42 error cwd /home/zed/DataAnalystNanodegree-Udacity
43 error node -v v0.10.25
44 error npm -v 1.3.10
45 error path /home/zed/tmp/npm-17663-vYlzk2Hh
46 error code EACCES
47 error errno 3
48 error stack Error: EACCES, mkdir '/home/zed/tmp/npm-17663-vYlzk2Hh'
49 verbose exit [ 3, true ]
